c:\studiaprojektzal\main\main\x64\debug\vc143.pdb
c:\studiaprojektzal\main\main\x64\debug\vc143.idb
c:\studiaprojektzal\main\main\x64\debug\user.obj
c:\studiaprojektzal\main\main\x64\debug\membership.obj
c:\studiaprojektzal\main\main\x64\debug\main.obj
c:\studiaprojektzal\main\main\x64\debug\filemenager.obj
c:\studiaprojektzal\main\main\x64\debug\date.obj
c:\studiaprojektzal\main\main\x64\debug\book.obj
c:\studiaprojektzal\main\main\x64\debug\fileextension.obj
c:\studiaprojektzal\main\main\x64\debug\errorcode.obj
c:\studiaprojektzal\main\main\x64\debug\allowedjsonobject.obj
c:\studiaprojektzal\main\main\x64\debug\borroweditems.obj
c:\studiaprojektzal\main\main\x64\debug\allowedjsonelement.obj
c:\studiaprojektzal\main\x64\debug\main.exe
c:\studiaprojektzal\main\main\x64\debug\main.ilk
c:\studiaprojektzal\main\x64\debug\main.pdb
c:\studiaprojektzal\main\main\x64\debug\fileextension.h.module.json
c:\studiaprojektzal\main\main\x64\debug\filemenager.h.module.json
c:\studiaprojektzal\main\main\x64\debug\allowedjsonobject.h.module.json
c:\studiaprojektzal\main\main\x64\debug\errorcode.h.module.json
c:\studiaprojektzal\main\main\x64\debug\allowedjsonobject.h.obj
c:\studiaprojektzal\main\main\x64\debug\borrowedrecord.obj
c:\studiaprojektzal\main\main\x64\debug\errorcode.h.obj
c:\studiaprojektzal\main\main\x64\debug\fileextension.h.obj
c:\studiaprojektzal\main\main\x64\debug\filemenager.h.obj
c:\studiaprojektzal\main\main\x64\debug\allowedjsonobject.obj.enc
c:\studiaprojektzal\main\main\x64\debug\book.obj.enc
c:\studiaprojektzal\main\main\x64\debug\errorcode.obj.enc
c:\studiaprojektzal\main\main\x64\debug\fileextension.obj.enc
c:\studiaprojektzal\main\main\x64\debug\filemenager.obj.enc
c:\studiaprojektzal\main\main\x64\debug\main.obj.enc
c:\studiaprojektzal\main\main\x64\debug\membership.obj.enc
c:\studiaprojektzal\main\main\x64\debug\main.tlog\cl.command.1.tlog
c:\studiaprojektzal\main\main\x64\debug\main.tlog\cl.items.tlog
c:\studiaprojektzal\main\main\x64\debug\main.tlog\cl.read.1.tlog
c:\studiaprojektzal\main\main\x64\debug\main.tlog\cl.write.1.tlog
c:\studiaprojektzal\main\main\x64\debug\main.tlog\link.command.1.tlog
c:\studiaprojektzal\main\main\x64\debug\main.tlog\link.read.1.tlog
c:\studiaprojektzal\main\main\x64\debug\main.tlog\link.write.1.tlog
c:\studiaprojektzal\main\main\x64\debug\main_md.tlog\cl.command.1.tlog
c:\studiaprojektzal\main\main\x64\debug\main_md.tlog\microsoft.build.cpptasks.cl.read.1.tlog
c:\studiaprojektzal\main\main\x64\debug\main_md.tlog\microsoft.build.cpptasks.cl.write.1.tlog
